app/build/outputs/logs/manifest-merger-debug-report.txt
-- Merging decision tree log ---
manifest
ADDED from src\main\AndroidManifest.xml:2:1-51:12
	package
		ADDED from src\main\AndroidManifest.xml:3:5-44
		INJECTED from src\main\AndroidManifest.xml
		INJECTED from src\main\AndroidManifest.xml
	android:versionName
		ADDED from src\main\AndroidManifest.xml:5:5-30
		INJECTED from src\main\AndroidManifest.xml
		INJECTED from src\main\AndroidManifest.xml
	android:versionCode
		ADDED from src\main\AndroidManifest.xml:4:5-28
		INJECTED from src\main\AndroidManifest.xml
		INJECTED from src\main\AndroidManifest.xml
	xmlns:android
		ADDED from src\main\AndroidManifest.xml:2:11-69
uses-sdk
ADDED from src\main\AndroidManifest.xml:7:5-73
	android:targetSdkVersion
		ADDED from src\main\AndroidManifest.xml:7:42-71
		INJECTED from src\main\AndroidManifest.xml
		INJECTED from src\main\AndroidManifest.xml
	android:minSdkVersion
		ADDED from src\main\AndroidManifest.xml:7:15-41
		INJECTED from src\main\AndroidManifest.xml
		INJECTED from src\main\AndroidManifest.xml
uses-permission#android.permission.INTERNET
ADDED from src\main\AndroidManifest.xml:8:5-67
	android:name
		ADDED from src\main\AndroidManifest.xml:8:22-64
uses-permission#android.permission.ACCESS_WIFI_STATE
ADDED from src\main\AndroidManifest.xml:9:5-76
	android:name
		ADDED from src\main\AndroidManifest.xml:9:22-73
application
ADDED from src\main\AndroidManifest.xml:11:5-49:19
	android:label
		ADDED from src\main\AndroidManifest.xml:13:9-41
	android:icon
		ADDED from src\main\AndroidManifest.xml:12:9-38
	android:theme
		ADDED from src\main\AndroidManifest.xml:14:9-41
activity#com.ahmetkizilay.controls.osc.QuickOSCActivity
ADDED from src\main\AndroidManifest.xml:15:9-24:20
	android:screenOrientation
		ADDED from src\main\AndroidManifest.xml:18:13-49
	android:label
		ADDED from src\main\AndroidManifest.xml:17:13-45
	android:name
		ADDED from src\main\AndroidManifest.xml:16:13-45
intent-filter#android.intent.action.MAIN+android.intent.category.LAUNCHER
ADDED from src\main\AndroidManifest.xml:19:13-23:29
action#android.intent.action.MAIN
ADDED from src\main\AndroidManifest.xml:20:17-69
	android:name
		ADDED from src\main\AndroidManifest.xml:20:25-66
category#android.intent.category.LAUNCHER
ADDED from src\main\AndroidManifest.xml:22:17-77
	android:name
		ADDED from src\main\AndroidManifest.xml:22:27-74
activity#com.ahmetkizilay.controls.osc.ButtonOSCSettingActivity
ADDED from src\main\AndroidManifest.xml:25:9-32:20
	android:screenOrientation
		ADDED from src\main\AndroidManifest.xml:26:53-89
	android:label
		ADDED from src\main\AndroidManifest.xml:27:13-47
	android:name
		ADDED from src\main\AndroidManifest.xml:26:13-52
intent-filter#android.intent.category.DEFAULT+com.ahmetkizilay.controls.osc.ButtonOSCSetter
ADDED from src\main\AndroidManifest.xml:28:12-31:29
category#android.intent.category.DEFAULT
ADDED from src\main\AndroidManifest.xml:29:17-76
	android:name
		ADDED from src\main\AndroidManifest.xml:29:27-73
action#com.ahmetkizilay.controls.osc.ButtonOSCSetter
ADDED from src\main\AndroidManifest.xml:30:17-88
	android:name
		ADDED from src\main\AndroidManifest.xml:30:25-85
activity#com.ahmetkizilay.controls.osc.ToggleOSCSettingActivity
ADDED from src\main\AndroidManifest.xml:33:17-40:20
	android:screenOrientation
		ADDED from src\main\AndroidManifest.xml:34:53-89
	android:label
		ADDED from src\main\AndroidManifest.xml:35:13-47
	android:name
		ADDED from src\main\AndroidManifest.xml:34:13-52
intent-filter#android.intent.category.DEFAULT+com.ahmetkizilay.controls.osc.ToggleOSCSetter
ADDED from src\main\AndroidManifest.xml:36:12-39:29
action#com.ahmetkizilay.controls.osc.ToggleOSCSetter
ADDED from src\main\AndroidManifest.xml:38:17-88
	android:name
		ADDED from src\main\AndroidManifest.xml:38:25-85
activity#com.ahmetkizilay.controls.osc.SeekBarOSCSettingActivity
ADDED from src\main\AndroidManifest.xml:41:17-48:20
	android:screenOrientation
		ADDED from src\main\AndroidManifest.xml:42:85-121
	android:label
		ADDED from src\main\AndroidManifest.xml:43:13-48
	android:name
		ADDED from src\main\AndroidManifest.xml:42:13-83
intent-filter#android.intent.category.DEFAULT+com.ahmetkizilay.controls.osc.SeekBarOSCSetter
ADDED from src\main\AndroidManifest.xml:44:12-47:29
action#com.ahmetkizilay.controls.osc.SeekBarOSCSetter
ADDED from src\main\AndroidManifest.xml:46:17-89
	android:name
		ADDED from src\main\AndroidManifest.xml:46:25-86